{"C:\\code\\JS\\vuejs\\bug-ticket-markdown-generator\\src\\components\\InputText.vue": {"path":"C:\\code\\JS\\vuejs\\bug-ticket-markdown-generator\\src\\components\\InputText.vue","statementMap":{"0":{"start":{"line":20,"column":0},"end":{"line":20,"column":null}},"1":{"start":{"line":68,"column":0},"end":{"line":70,"column":null}},"2":{"start":{"line":69,"column":0},"end":{"line":69,"column":null}},"3":{"start":{"line":73,"column":0},"end":{"line":73,"column":null}},"4":{"start":{"line":79,"column":0},"end":{"line":79,"column":null}},"5":{"start":{"line":84,"column":0},"end":{"line":84,"column":null}}},"fnMap":{"0":{"name":"(anonymous_1)","decl":{"start":{"line":67,"column":0},"end":{"line":67,"column":null}},"loc":{"start":{"line":67,"column":0},"end":{"line":71,"column":null}}},"1":{"name":"(anonymous_2)","decl":{"start":{"line":68,"column":0},"end":{"line":68,"column":null}},"loc":{"start":{"line":68,"column":0},"end":{"line":70,"column":null}}},"2":{"name":"(anonymous_3)","decl":{"start":{"line":72,"column":0},"end":{"line":72,"column":null}},"loc":{"start":{"line":72,"column":0},"end":{"line":76,"column":null}}},"3":{"name":"(anonymous_4)","decl":{"start":{"line":78,"column":0},"end":{"line":78,"column":null}},"loc":{"start":{"line":78,"column":0},"end":{"line":80,"column":null}}},"4":{"name":"(anonymous_5)","decl":{"start":{"line":83,"column":0},"end":{"line":83,"column":null}},"loc":{"start":{"line":83,"column":0},"end":{"line":85,"column":null}}}},"branchMap":{},"s":{"0":1,"1":2,"2":2,"3":2,"4":0,"5":0},"f":{"0":2,"1":2,"2":2,"3":0,"4":0},"b":{}}
,"C:\\code\\JS\\vuejs\\bug-ticket-markdown-generator\\src\\styles\\custom.css": {"path":"C:\\code\\JS\\vuejs\\bug-ticket-markdown-generator\\src\\styles\\custom.css","statementMap":{"0":{"start":{"line":1,"column":0},"end":{"line":1,"column":19}}},"fnMap":{},"branchMap":{},"s":{"0":1},"f":{},"b":{},"_coverageSchema":"43e27e138ebf9cfc5966b082cf9a028302ed4184","hash":"a2285938408b617c245352c0bf076513363eeb73"}
}
