{"C:\\code\\JS\\vuejs\\bug-ticket-markdown-generator\\src\\components\\CustomToolTip.vue": {"path":"C:\\code\\JS\\vuejs\\bug-ticket-markdown-generator\\src\\components\\CustomToolTip.vue","statementMap":{"0":{"start":{"line":24,"column":0},"end":{"line":26,"column":null}},"1":{"start":{"line":25,"column":0},"end":{"line":25,"column":null}},"2":{"start":{"line":29,"column":0},"end":{"line":29,"column":null}},"3":{"start":{"line":35,"column":0},"end":{"line":35,"column":null}},"4":{"start":{"line":40,"column":0},"end":{"line":40,"column":null}},"5":{"start":{"line":43,"column":0},"end":{"line":43,"column":null}},"6":{"start":{"line":44,"column":0},"end":{"line":44,"column":null}},"7":{"start":{"line":45,"column":0},"end":{"line":45,"column":null}}},"fnMap":{"0":{"name":"(anonymous_1)","decl":{"start":{"line":23,"column":0},"end":{"line":23,"column":null}},"loc":{"start":{"line":23,"column":0},"end":{"line":27,"column":null}}},"1":{"name":"(anonymous_2)","decl":{"start":{"line":24,"column":0},"end":{"line":24,"column":null}},"loc":{"start":{"line":24,"column":0},"end":{"line":26,"column":null}}},"2":{"name":"(anonymous_3)","decl":{"start":{"line":28,"column":0},"end":{"line":28,"column":null}},"loc":{"start":{"line":28,"column":0},"end":{"line":32,"column":null}}},"3":{"name":"(anonymous_4)","decl":{"start":{"line":34,"column":0},"end":{"line":34,"column":null}},"loc":{"start":{"line":34,"column":0},"end":{"line":36,"column":null}}},"4":{"name":"(anonymous_5)","decl":{"start":{"line":39,"column":0},"end":{"line":39,"column":null}},"loc":{"start":{"line":39,"column":0},"end":{"line":41,"column":null}}},"5":{"name":"(anonymous_6)","decl":{"start":{"line":42,"column":0},"end":{"line":42,"column":null}},"loc":{"start":{"line":42,"column":0},"end":{"line":46,"column":null}}}},"branchMap":{},"s":{"0":0,"1":0,"2":0,"3":0,"4":0,"5":0,"6":0,"7":0},"f":{"0":0,"1":0,"2":0,"3":0,"4":0,"5":0},"b":{}}
,"C:\\code\\JS\\vuejs\\bug-ticket-markdown-generator\\src\\components\\InputText.vue": {"path":"C:\\code\\JS\\vuejs\\bug-ticket-markdown-generator\\src\\components\\InputText.vue","statementMap":{"0":{"start":{"line":19,"column":0},"end":{"line":19,"column":null}},"1":{"start":{"line":59,"column":0},"end":{"line":61,"column":null}},"2":{"start":{"line":60,"column":0},"end":{"line":60,"column":null}},"3":{"start":{"line":64,"column":0},"end":{"line":64,"column":null}},"4":{"start":{"line":71,"column":0},"end":{"line":71,"column":null}}},"fnMap":{"0":{"name":"(anonymous_1)","decl":{"start":{"line":58,"column":0},"end":{"line":58,"column":null}},"loc":{"start":{"line":58,"column":0},"end":{"line":62,"column":null}}},"1":{"name":"(anonymous_2)","decl":{"start":{"line":59,"column":0},"end":{"line":59,"column":null}},"loc":{"start":{"line":59,"column":0},"end":{"line":61,"column":null}}},"2":{"name":"(anonymous_3)","decl":{"start":{"line":63,"column":0},"end":{"line":63,"column":null}},"loc":{"start":{"line":63,"column":0},"end":{"line":68,"column":null}}},"3":{"name":"(anonymous_4)","decl":{"start":{"line":70,"column":0},"end":{"line":70,"column":null}},"loc":{"start":{"line":70,"column":0},"end":{"line":72,"column":null}}}},"branchMap":{},"s":{"0":1,"1":3,"2":3,"3":3,"4":0},"f":{"0":3,"1":3,"2":3,"3":0},"b":{}}
,"C:\\code\\JS\\vuejs\\bug-ticket-markdown-generator\\src\\utils\\helpers.js": {"path":"C:\\code\\JS\\vuejs\\bug-ticket-markdown-generator\\src\\utils\\helpers.js","statementMap":{"0":{"start":{"line":1,"column":27},"end":{"line":6,"column":1}},"1":{"start":{"line":2,"column":2},"end":{"line":2,"column":28}},"2":{"start":{"line":2,"column":16},"end":{"line":2,"column":28}},"3":{"start":{"line":3,"column":2},"end":{"line":3,"column":36}},"4":{"start":{"line":3,"column":24},"end":{"line":3,"column":36}},"5":{"start":{"line":4,"column":2},"end":{"line":4,"column":25}},"6":{"start":{"line":4,"column":13},"end":{"line":4,"column":25}},"7":{"start":{"line":5,"column":2},"end":{"line":5,"column":48}},"8":{"start":{"line":8,"column":29},"end":{"line":17,"column":1}},"9":{"start":{"line":9,"column":2},"end":{"line":9,"column":37}},"10":{"start":{"line":9,"column":25},"end":{"line":9,"column":37}},"11":{"start":{"line":10,"column":2},"end":{"line":10,"column":47}},"12":{"start":{"line":10,"column":35},"end":{"line":10,"column":47}},"13":{"start":{"line":11,"column":2},"end":{"line":11,"column":53}},"14":{"start":{"line":11,"column":41},"end":{"line":11,"column":53}},"15":{"start":{"line":12,"column":2},"end":{"line":12,"column":73}},"16":{"start":{"line":12,"column":27},"end":{"line":12,"column":73}},"17":{"start":{"line":13,"column":20},"end":{"line":13,"column":52}},"18":{"start":{"line":14,"column":19},"end":{"line":14,"column":61}},"19":{"start":{"line":15,"column":2},"end":{"line":15,"column":65}},"20":{"start":{"line":16,"column":2},"end":{"line":16,"column":32}}},"fnMap":{"0":{"name":"(anonymous_0)","decl":{"start":{"line":1,"column":27},"end":{"line":1,"column":28}},"loc":{"start":{"line":1,"column":63},"end":{"line":6,"column":1}},"line":1},"1":{"name":"(anonymous_1)","decl":{"start":{"line":8,"column":29},"end":{"line":8,"column":30}},"loc":{"start":{"line":8,"column":84},"end":{"line":17,"column":1}},"line":8}},"branchMap":{"0":{"loc":{"start":{"line":2,"column":2},"end":{"line":2,"column":28}},"type":"if","locations":[{"start":{"line":2,"column":2},"end":{"line":2,"column":28}},{"start":{"line":2,"column":2},"end":{"line":2,"column":28}}],"line":2},"1":{"loc":{"start":{"line":3,"column":2},"end":{"line":3,"column":36}},"type":"if","locations":[{"start":{"line":3,"column":2},"end":{"line":3,"column":36}},{"start":{"line":3,"column":2},"end":{"line":3,"column":36}}],"line":3},"2":{"loc":{"start":{"line":4,"column":2},"end":{"line":4,"column":25}},"type":"if","locations":[{"start":{"line":4,"column":2},"end":{"line":4,"column":25}},{"start":{"line":4,"column":2},"end":{"line":4,"column":25}}],"line":4},"3":{"loc":{"start":{"line":8,"column":62},"end":{"line":8,"column":79}},"type":"default-arg","locations":[{"start":{"line":8,"column":78},"end":{"line":8,"column":79}}],"line":8},"4":{"loc":{"start":{"line":9,"column":2},"end":{"line":9,"column":37}},"type":"if","locations":[{"start":{"line":9,"column":2},"end":{"line":9,"column":37}},{"start":{"line":9,"column":2},"end":{"line":9,"column":37}}],"line":9},"5":{"loc":{"start":{"line":10,"column":2},"end":{"line":10,"column":47}},"type":"if","locations":[{"start":{"line":10,"column":2},"end":{"line":10,"column":47}},{"start":{"line":10,"column":2},"end":{"line":10,"column":47}}],"line":10},"6":{"loc":{"start":{"line":11,"column":2},"end":{"line":11,"column":53}},"type":"if","locations":[{"start":{"line":11,"column":2},"end":{"line":11,"column":53}},{"start":{"line":11,"column":2},"end":{"line":11,"column":53}}],"line":11},"7":{"loc":{"start":{"line":12,"column":2},"end":{"line":12,"column":73}},"type":"if","locations":[{"start":{"line":12,"column":2},"end":{"line":12,"column":73}},{"start":{"line":12,"column":2},"end":{"line":12,"column":73}}],"line":12}},"s":{"0":1,"1":7,"2":2,"3":5,"4":1,"5":4,"6":1,"7":3,"8":1,"9":6,"10":1,"11":5,"12":1,"13":4,"14":1,"15":3,"16":1,"17":2,"18":2,"19":2,"20":2},"f":{"0":7,"1":6},"b":{"0":[2,5],"1":[1,4],"2":[1,3],"3":[0],"4":[1,5],"5":[1,4],"6":[1,3],"7":[1,2]},"_coverageSchema":"43e27e138ebf9cfc5966b082cf9a028302ed4184","hash":"d736fe077c321028017dff84b8f1491025fecf0c"}
}
