TN:
SF:C:\code\JS\vuejs\bug-ticket-markdown-generator\src\components\CustomToolTip.vue
FN:23,(anonymous_1)
FN:24,(anonymous_2)
FN:28,(anonymous_3)
FN:34,(anonymous_4)
FN:39,(anonymous_5)
FN:42,(anonymous_6)
FNF:6
FNH:0
FNDA:0,(anonymous_1)
FNDA:0,(anonymous_2)
FNDA:0,(anonymous_3)
FNDA:0,(anonymous_4)
FNDA:0,(anonymous_5)
FNDA:0,(anonymous_6)
DA:24,0
DA:25,0
DA:29,0
DA:35,0
DA:40,0
DA:43,0
DA:44,0
DA:45,0
LF:8
LH:0
BRF:0
BRH:0
end_of_record
TN:
SF:C:\code\JS\vuejs\bug-ticket-markdown-generator\src\components\InputText.vue
FN:67,(anonymous_1)
FN:68,(anonymous_2)
FN:72,(anonymous_3)
FN:78,(anonymous_4)
FN:83,(anonymous_5)
FNF:5
FNH:3
FNDA:3,(anonymous_1)
FNDA:3,(anonymous_2)
FNDA:3,(anonymous_3)
FNDA:0,(anonymous_4)
FNDA:0,(anonymous_5)
DA:20,1
DA:68,3
DA:69,3
DA:73,3
DA:79,0
DA:84,0
LF:6
LH:4
BRF:0
BRH:0
end_of_record
TN:
SF:C:\code\JS\vuejs\bug-ticket-markdown-generator\src\styles\custom.css
FNF:0
FNH:0
DA:1,1
LF:1
LH:1
BRF:0
BRH:0
end_of_record
TN:
SF:C:\code\JS\vuejs\bug-ticket-markdown-generator\src\utils\helpers.js
FN:1,(anonymous_0)
FN:8,(anonymous_1)
FN:25,(anonymous_2)
FN:35,(anonymous_3)
FN:44,(anonymous_4)
FNF:5
FNH:2
FNDA:7,(anonymous_0)
FNDA:6,(anonymous_1)
FNDA:0,(anonymous_2)
FNDA:0,(anonymous_3)
FNDA:0,(anonymous_4)
DA:1,1
DA:2,7
DA:3,5
DA:4,4
DA:5,3
DA:8,1
DA:9,6
DA:10,5
DA:11,4
DA:12,3
DA:13,2
DA:14,2
DA:15,2
DA:16,2
DA:25,1
DA:26,0
DA:27,0
DA:28,0
DA:29,0
DA:30,0
DA:31,0
DA:32,0
DA:35,1
DA:36,0
DA:37,0
DA:38,0
DA:39,0
DA:40,0
DA:41,0
DA:44,1
DA:45,0
DA:46,0
DA:47,0
LF:33
LH:17
BRDA:2,0,0,2
BRDA:2,0,1,5
BRDA:3,1,0,1
BRDA:3,1,1,4
BRDA:4,2,0,1
BRDA:4,2,1,3
BRDA:8,3,0,0
BRDA:9,4,0,1
BRDA:9,4,1,5
BRDA:10,5,0,1
BRDA:10,5,1,4
BRDA:11,6,0,1
BRDA:11,6,1,3
BRDA:12,7,0,1
BRDA:12,7,1,2
BRDA:25,8,0,0
BRDA:26,9,0,0
BRDA:26,9,1,0
BRDA:26,10,0,0
BRDA:26,10,1,0
BRDA:27,11,0,0
BRDA:27,11,1,0
BRDA:27,12,0,0
BRDA:27,12,1,0
BRDA:30,13,0,0
BRDA:30,13,1,0
BRDA:31,14,0,0
BRDA:31,14,1,0
BRDA:37,15,0,0
BRDA:37,15,1,0
BRDA:38,16,0,0
BRDA:38,16,1,0
BRDA:39,17,0,0
BRDA:39,17,1,0
BRDA:40,18,0,0
BRDA:40,18,1,0
BRDA:46,19,0,0
BRDA:46,19,1,0
BRF:38
BRH:14
end_of_record
