TN:
SF:C:\code\JS\vuejs\bug-ticket-markdown-generator\src\components\InputText.vue
FN:67,(anonymous_1)
FN:68,(anonymous_2)
FN:72,(anonymous_3)
FN:78,(anonymous_4)
FN:83,(anonymous_5)
FNF:5
FNH:3
FNDA:2,(anonymous_1)
FNDA:2,(anonymous_2)
FNDA:2,(anonymous_3)
FNDA:0,(anonymous_4)
FNDA:0,(anonymous_5)
DA:20,1
DA:68,2
DA:69,2
DA:73,2
DA:79,0
DA:84,0
LF:6
LH:4
BRF:0
BRH:0
end_of_record
TN:
SF:C:\code\JS\vuejs\bug-ticket-markdown-generator\src\styles\custom.css
FNF:0
FNH:0
DA:1,1
LF:1
LH:1
BRF:0
BRH:0
end_of_record
